23/11/2012 14:41:21: status - Localise: trying D:\Development\ndoorse/html/sites/default/layouts/companies/view.php (6)
23/11/2012 14:41:21: status - Localise: trying D:\Development\ndoorse/html/sites/default/layouts/companies/view.php (6)
23/11/2012 14:41:21: warning - Localise: could not find layouts/companies/view.php (6)
23/11/2012 14:41:21: status - Localise: trying D:\Development\ndoorse/html/sites/default/layouts/404.php (6)
23/11/2012 14:41:21: status - Localise: found D:\Development\ndoorse/html/sites/default/layouts/404.php (6)
23/11/2012 15:04:44: status - Localise: trying D:\Development\ndoorse/html/sites/default/layouts/member/document.php (6)
23/11/2012 15:04:44: status - Localise: trying D:\Development\ndoorse/html/sites/default/layouts/member/document.php (6)
23/11/2012 15:04:44: warning - Localise: could not find layouts/member/document.php (6)
23/11/2012 15:04:44: status - Localise: trying D:\Development\ndoorse/html/sites/default/layouts/404.php (6)
23/11/2012 15:04:44: status - Localise: found D:\Development\ndoorse/html/sites/default/layouts/404.php (6)
23/11/2012 16:33:00: status - Localise: trying D:\Development\ndoorse/html/sites/default/layouts/companies/view.php (58)
23/11/2012 16:33:00: status - Localise: trying D:\Development\ndoorse/html/sites/default/layouts/companies/view.php (58)
23/11/2012 16:33:00: warning - Localise: could not find layouts/companies/view.php (58)
23/11/2012 16:33:00: status - Localise: trying D:\Development\ndoorse/html/sites/default/layouts/404.php (58)
23/11/2012 16:33:00: status - Localise: found D:\Development\ndoorse/html/sites/default/layouts/404.php (58)
26/11/2012 08:01:33: error - 0 - Could not get property. No such property: imageURL - D:\Development\ndoorse\html\classes\core\Model.php - 30 (6)
26/11/2012 08:01:49: error - 0 - Could not get property. No such property: imageURL - D:\Development\ndoorse\html\classes\core\Model.php - 30 (6)
26/11/2012 08:19:21: error - 8 - Undefined variable: serviccompanieseProvider - D:\Development\ndoorse\html\sites\default\layouts\serviceproviders\list.php - 9 (6)
26/11/2012 08:53:16: error - 0 - Could not get property. No such property: location - D:\Development\ndoorse\html\classes\core\Model.php - 30 (6)
26/11/2012 09:19:13: error - 8 - Undefined variable: request - D:\Development\ndoorse\html\sites\default\layouts\requests\edit.php - 4 (6)
26/11/2012 09:19:43: error - 8 - Undefined variable: request - D:\Development\ndoorse\html\sites\default\layouts\serviceproviders\edit.php - 4 (6)
26/11/2012 09:20:08: error - 8 - Undefined variable: request - D:\Development\ndoorse\html\sites\default\layouts\serviceproviders\edit.php - 4 (6)
26/11/2012 09:20:26: error - 0 - Could not get property. No such property: summary - D:\Development\ndoorse\html\classes\core\Model.php - 30 (6)
26/11/2012 10:25:10: error - 8 - Undefined variable: output - D:\Development\ndoorse\html\controllers\ServiceprovidersController.php - 48 (6)
26/11/2012 10:33:54: error - 8 - Undefined variable: error - D:\Development\ndoorse\html\classes\ndoorse\Document.php - 107 (6)
26/11/2012 10:34:45: error - 8 - Undefined variable: error - D:\Development\ndoorse\html\classes\ndoorse\Document.php - 107 (6)
26/11/2012 10:35:40: error - 8 - Undefined variable: error - D:\Development\ndoorse\html\classes\ndoorse\Document.php - 107 (6)
26/11/2012 10:35:55: error - 8 - Undefined variable: error - D:\Development\ndoorse\html\classes\ndoorse\Document.php - 108 (6)
26/11/2012 10:36:14: error - 8 - Undefined variable: error - D:\Development\ndoorse\html\classes\ndoorse\Document.php - 108 (6)
26/11/2012 10:37:40: error - 8 - Undefined index: logo - D:\Development\ndoorse\html\classes\ndoorse\Document.php - 85 (6)
26/11/2012 10:39:47: error - 8 - Undefined variable: error - D:\Development\ndoorse\html\classes\ndoorse\Document.php - 108 (6)
26/11/2012 10:40:53: error - 8 - Undefined variable: error - D:\Development\ndoorse\html\classes\ndoorse\Document.php - 108 (6)
26/11/2012 10:41:42: error - 8 - Undefined index: logo - D:\Development\ndoorse\html\classes\ndoorse\Document.php - 105 (6)
26/11/2012 10:42:16: error - 8 - Undefined index: logo - D:\Development\ndoorse\html\classes\ndoorse\Document.php - 107 (6)
26/11/2012 10:42:59: error - 8 - Undefined variable: error - D:\Development\ndoorse\html\classes\ndoorse\Document.php - 110 (6)
26/11/2012 11:00:17: error - 0 - Could not get property. No such property: logoURL - D:\Development\ndoorse\html\classes\core\Model.php - 30 (6)
26/11/2012 11:00:21: error - 0 - Could not get property. No such property: logoURL - D:\Development\ndoorse\html\classes\core\Model.php - 30 (6)
26/11/2012 11:00:59: error - 0 - Could not get property. No such property: logoURL - D:\Development\ndoorse\html\classes\core\Model.php - 30 (6)
26/11/2012 11:01:00: error - 0 - Could not get property. No such property: logoURL - D:\Development\ndoorse\html\classes\core\Model.php - 30 (6)
26/11/2012 11:01:01: error - 0 - Could not get property. No such property: logoURL - D:\Development\ndoorse\html\classes\core\Model.php - 30 (6)
26/11/2012 11:20:01: error - 8 - Undefined variable: params - D:\Development\ndoorse\html\classes\ndoorse\Serviceprovider.php - 44 (6)
26/11/2012 11:20:39: error - 8 - Undefined variable: stmt - D:\Development\ndoorse\html\classes\ndoorse\Serviceprovider.php - 46 (6)
26/11/2012 13:09:04: error - 2 - Missing argument 2 for Map::add(), called in D:\Development\ndoorse\html\classes\ndoorse\Serviceprovider.php on line 106 and defined - D:\Development\ndoorse\html\classes\core\Map.php - 47 (6)
26/11/2012 13:15:14: error - 8 - Undefined offset: 0 - D:\Development\ndoorse\html\classes\ndoorse\Serviceprovider.php - 107 (6)
26/11/2012 13:16:46: error - 8 - Undefined index: key0 - D:\Development\ndoorse\html\classes\ndoorse\Serviceprovider.php - 107 (6)
26/11/2012 13:54:27: error - 8 - Undefined variable: return - D:\Development\ndoorse\html\classes\ndoorse\Serviceprovider.php - 108 (6)
26/11/2012 14:25:54: error - 2 - Invalid argument supplied for foreach() - D:\Development\ndoorse\html\sites\default\layouts\serviceproviders\list.php - 6 (6)
26/11/2012 14:47:33: error - 2 - Invalid argument supplied for foreach() - D:\Development\ndoorse\html\sites\default\layouts\serviceproviders\list.php - 20 (6)
26/11/2012 15:19:57: error - 8 - Undefined variable: stmt - D:\Development\ndoorse\html\classes\ndoorse\Serviceprovider.php - 37 (6)
26/11/2012 15:26:47: error - 2 - Invalid argument supplied for foreach() - D:\Development\ndoorse\html\sites\default\controls\FormControl.php - 332 (6)
26/11/2012 15:35:02: error - 8 - Undefined index: location - D:\Development\ndoorse\html\sites\default\controls\ServiceProvidersFilterControl.php - 25 (6)
26/11/2012 15:36:01: error - 8 - Undefined index: location - D:\Development\ndoorse\html\sites\default\controls\ServiceProvidersFilterControl.php - 25 (6)
26/11/2012 15:36:43: error - 8 - Undefined index: industry - D:\Development\ndoorse\html\sites\default\controls\ServiceProvidersFilterControl.php - 26 (6)
26/11/2012 15:56:26: error - 8 - Undefined variable: userProfile - D:\Development\ndoorse\html\controllers\MembersController.php - 76 (6)
26/11/2012 16:04:06: error - 2 - Missing argument 1 for Ndoorse_Member::getServiceProviders(), called in D:\Development\ndoorse\html\classes\core\Model.php on line 26 and defined - D:\Development\ndoorse\html\classes\ndoorse\Member.php - 46 (6)
26/11/2012 16:06:35: error - 2 - Missing argument 1 for Ndoorse_Member::getServiceProviders(), called in D:\Development\ndoorse\html\classes\core\Model.php on line 26 and defined - D:\Development\ndoorse\html\classes\ndoorse\Member.php - 46 (6)
26/11/2012 16:07:54: error - 2 - Missing argument 1 for Ndoorse_Member::getServiceProviders(), called in D:\Development\ndoorse\html\classes\core\Model.php on line 26 and defined - D:\Development\ndoorse\html\classes\ndoorse\Member.php - 46 (6)
26/11/2012 17:18:05: error - 4096 - Object of class Map could not be converted to string - D:\Development\ndoorse\html\classes\db\Statement.php - 40 (6)
26/11/2012 17:19:05: error - 4096 - Object of class Map could not be converted to string - D:\Development\ndoorse\html\classes\db\Statement.php - 40 (6)
26/11/2012 17:20:45: error - 4096 - Object of class Map could not be converted to string - D:\Development\ndoorse\html\classes\db\Statement.php - 40 (6)
26/11/2012 17:21:44: error - 4096 - Object of class Map could not be converted to string - D:\Development\ndoorse\html\classes\db\Statement.php - 40 (6)
26/11/2012 17:21:59: error - 4096 - Object of class Map could not be converted to string - D:\Development\ndoorse\html\classes\db\Statement.php - 40 (6)
26/11/2012 18:13:32: error - 8 - Undefined variable: locations - D:\Development\ndoorse\html\controllers\AjaxController.php - 42 (6)
26/11/2012 18:13:32: error - 8 - Undefined variable: locations - D:\Development\ndoorse\html\controllers\AjaxController.php - 42 (6)
26/11/2012 18:13:33: error - 8 - Undefined variable: locations - D:\Development\ndoorse\html\controllers\AjaxController.php - 42 (6)
27/11/2012 10:19:41: error - 8 - Array to string conversion - D:\Development\ndoorse\html\classes\db\Statement.php - 40 (6)
27/11/2012 10:20:22: error - 8 - Array to string conversion - D:\Development\ndoorse\html\classes\db\Statement.php - 40 (6)
27/11/2012 10:23:50: error - 8 - Array to string conversion - D:\Development\ndoorse\html\classes\db\Statement.php - 40 (6)
27/11/2012 10:24:10: error - 8 - Array to string conversion - D:\Development\ndoorse\html\classes\db\Statement.php - 40 (6)
27/11/2012 10:27:17: error - 8 - Array to string conversion - D:\Development\ndoorse\html\classes\db\Statement.php - 40 (6)
27/11/2012 10:28:26: error - 8 - Array to string conversion - D:\Development\ndoorse\html\classes\db\Statement.php - 40 (6)
27/11/2012 10:34:41: error - 8 - Array to string conversion - D:\Development\ndoorse\html\classes\db\Statement.php - 40 (6)
27/11/2012 10:35:09: error - 8 - Array to string conversion - D:\Development\ndoorse\html\classes\db\Statement.php - 40 (6)
27/11/2012 11:21:57: error - 8 - Undefined variable: attributes - D:\Development\ndoorse\html\sites\default\layouts\serviceproviders\view.php - 23 (6)
27/11/2012 11:22:22: error - 8 - Undefined variable: attributes - D:\Development\ndoorse\html\sites\default\layouts\serviceproviders\view.php - 23 (6)
27/11/2012 11:23:03: error - 8 - Undefined variable: attributes - D:\Development\ndoorse\html\sites\default\layouts\serviceproviders\view.php - 23 (6)
27/11/2012 11:25:17: error - 2 - Invalid argument supplied for foreach() - D:\Development\ndoorse\html\sites\default\layouts\serviceproviders\view.php - 23 (6)
27/11/2012 11:28:03: error - 8 - Undefined property: Attribute::$value - D:\Development\ndoorse\html\classes\core\Model.php - 28 (6)
27/11/2012 11:28:34: error - 8 - Undefined property: Attribute::$value - D:\Development\ndoorse\html\classes\core\Model.php - 28 (6)
27/11/2012 12:25:43: error - 8 - Undefined variable: success - D:\Development\ndoorse\html\controllers\ServiceprovidersController.php - 55 (6)
27/11/2012 12:39:48: error - 8 - Undefined offset: 1 - D:\Development\ndoorse\html\controllers\ServiceprovidersController.php - 42 (6)
27/11/2012 12:40:00: error - 8 - Undefined offset: 1 - D:\Development\ndoorse\html\controllers\ServiceprovidersController.php - 42 (6)
27/11/2012 12:40:07: error - 8 - Undefined offset: 1 - D:\Development\ndoorse\html\controllers\ServiceprovidersController.php - 42 (6)
27/11/2012 12:41:05: error - 8 - Undefined offset: 1 - D:\Development\ndoorse\html\controllers\ServiceprovidersController.php - 42 (6)
27/11/2012 16:14:56: status - Localise: trying D:\Development\ndoorse/html/sites/default/layouts/companies/view.php (6)
27/11/2012 16:14:56: status - Localise: trying D:\Development\ndoorse/html/sites/default/layouts/companies/view.php (6)
27/11/2012 16:14:56: warning - Localise: could not find layouts/companies/view.php (6)
27/11/2012 16:14:56: status - Localise: trying D:\Development\ndoorse/html/sites/default/layouts/404.php (6)
27/11/2012 16:14:56: status - Localise: found D:\Development\ndoorse/html/sites/default/layouts/404.php (6)
27/11/2012 16:37:38: error - 2 - Missing argument 2 for Ndoorse_Member::addServiceProvider(), called in D:\Development\ndoorse\html\controllers\MembersController.php on line 230 and defined - D:\Development\ndoorse\html\classes\ndoorse\Member.php - 73 (6)
27/11/2012 16:38:20: error - 8 - Trying to get property of non-object - D:\Development\ndoorse\html\sites\default\controls\ServiceProviderEditControl.php - 7 (6)
27/11/2012 16:40:33: error - 8 - Trying to get property of non-object - D:\Development\ndoorse\html\sites\default\controls\ServiceProviderEditControl.php - 7 (6)
27/11/2012 16:41:43: error - 8 - Undefined variable: industry - D:\Development\ndoorse\html\sites\default\controls\ServiceProviderEditControl.php - 16 (6)
27/11/2012 16:46:19: error - 8 - Trying to get property of non-object - D:\Development\ndoorse\html\sites\default\layouts\serviceproviders\view.php - 37 (6)
27/11/2012 17:00:45: error - 8 - Undefined variable: position - D:\Development\ndoorse\html\classes\ndoorse\Member.php - 80 (6)
27/11/2012 17:06:33: error - 8 - Undefined variable: allServiceProviders - D:\Development\ndoorse\html\sites\default\layouts\members\profile.php - 4 (6)
27/11/2012 17:13:57: error - 8 - Undefined variable: allServiceProviders - D:\Development\ndoorse\html\sites\default\layouts\members\profile.php - 4 (6)
27/11/2012 17:14:10: error - 8 - Undefined variable: allServiceProviders - D:\Development\ndoorse\html\sites\default\layouts\members\profile.php - 4 (6)
28/11/2012 11:22:23: error - 2 - include(D:\Development\ndoorse/html/sites/default/reqruiters/jobs.php): failed to open stream: No such file or directory - D:\Development\ndoorse\html\controllers\ReqruitersController.php - 15 (6)
28/11/2012 11:31:24: error - 2 - include(D:\Development\ndoorse/html/sites/default/reqruiters/dashboard.php): failed to open stream: No such file or directory - D:\Development\ndoorse\html\controllers\ReqruitersController.php - 15 (6)
28/11/2012 11:31:50: error - 8 - Use of undefined constant ADMIN_URL - assumed 'ADMIN_URL' - D:\Development\ndoorse\html\controllers\ReqruitersController.php - 56 (6)
28/11/2012 11:32:21: error - 8 - Use of undefined constant ADMIN_URL - assumed 'ADMIN_URL' - D:\Development\ndoorse\html\controllers\ReqruitersController.php - 56 (6)
28/11/2012 11:32:32: error - 2 - include(D:\Development\ndoorse/html/sites/default/reqruiters/jobs.php): failed to open stream: No such file or directory - D:\Development\ndoorse\html\controllers\ReqruitersController.php - 69 (6)
28/11/2012 11:33:46: error - 2 - include(D:\Development\ndoorse/html/sites/default/reqruiters/jobs.php): failed to open stream: No such file or directory - D:\Development\ndoorse\html\controllers\ReqruitersController.php - 69 (6)
28/11/2012 11:40:17: error - 8 - Use of undefined constant ADMIN_URL - assumed 'ADMIN_URL' - D:\Development\ndoorse\html\sites\default\controls\NavControl.php - 46 (6)
28/11/2012 11:43:42: error - 8 - Use of undefined constant ADMIN_URL - assumed 'ADMIN_URL' - D:\Development\ndoorse\html\sites\default\controls\NavControl.php - 74 (6)
28/11/2012 11:44:07: error - 8 - Use of undefined constant ADMIN_URL - assumed 'ADMIN_URL' - D:\Development\ndoorse\html\sites\default\controls\NavControl.php - 74 (6)
28/11/2012 11:44:46: error - 8 - Use of undefined constant ADMIN_URL - assumed 'ADMIN_URL' - D:\Development\ndoorse\html\sites\default\controls\NavControl.php - 74 (6)
28/11/2012 13:33:53: error - 0 - Could not get property. No such property: companyID - D:\Development\ndoorse\html\classes\core\Model.php - 30 (43)
28/11/2012 13:37:01: error - 0 - Could not get property. No such property: companyID - D:\Development\ndoorse\html\classes\core\Model.php - 30 (43)
28/11/2012 13:38:15: error - 0 - Could not get property. No such property: companyID - D:\Development\ndoorse\html\classes\core\Model.php - 30 (43)
28/11/2012 13:38:16: error - 0 - Could not get property. No such property: companyID - D:\Development\ndoorse\html\classes\core\Model.php - 30 (43)
28/11/2012 13:39:01: error - 0 - Could not get property. No such property: companyID - D:\Development\ndoorse\html\classes\core\Model.php - 30 (43)
28/11/2012 13:46:14: error - 0 - Could not get property. No such property:  - D:\Development\ndoorse\html\classes\core\Model.php - 30 (43)
28/11/2012 14:01:47: error - 0 - Could not get property. No such property: companyDescription - D:\Development\ndoorse\html\classes\core\Model.php - 30 (43)
28/11/2012 14:04:51: error - 0 - Could not get property. No such property: companyDescription - D:\Development\ndoorse\html\classes\core\Model.php - 30 (43)
28/11/2012 14:34:12: error - 2 - call_user_func() expects parameter 1 to be a valid callback, cannot access private method ReqruitersController::job_edit() - D:\Development\ndoorse\html\router.php - 96 (6)
28/11/2012 14:34:54: error - 0 - Could not get property. No such property: companyID - D:\Development\ndoorse\html\classes\core\Model.php - 30 (6)
28/11/2012 14:42:11: error - 0 - Could not get property. No such property: companyDescription - D:\Development\ndoorse\html\classes\core\Model.php - 30 (6)
28/11/2012 16:11:19: error - 8 - Undefined variable: filteredjobs - D:\Development\ndoorse\html\sites\default\layouts\reqruiters\jobs.php - 5 (6)
28/11/2012 16:25:02: error - 8 - Use of undefined constant REQRUITERS_URL - assumed 'REQRUITERS_URL' - D:\Development\ndoorse\html\sites\default\controls\NavControl.php - 45 (6)
28/11/2012 16:34:35: error - 8 - Undefined offset: 1 - D:\Development\ndoorse\html\controllers\JobsController.php - 49 (6)
28/11/2012 16:42:26: error - 8 - Undefined offset: 1 - D:\Development\ndoorse\html\controllers\ReqruitersController.php - 81 (6)
28/11/2012 17:20:27: error - 0 - Could not get property. No such property: notes - D:\Development\ndoorse\html\classes\core\Model.php - 30 (6)
28/11/2012 17:41:03: status - Localise: trying D:\Development\ndoorse/html/sites/default/layouts/reqruiters/jobs.php (6)
28/11/2012 17:41:03: status - Localise: trying D:\Development\ndoorse/html/sites/default/layouts/reqruiters/jobs.php (6)
28/11/2012 17:41:03: warning - Localise: could not find layouts/reqruiters/jobs.php (6)
28/11/2012 17:41:03: status - Localise: trying D:\Development\ndoorse/html/sites/default/layouts/404.php (6)
28/11/2012 17:41:03: status - Localise: found D:\Development\ndoorse/html/sites/default/layouts/404.php (6)
28/11/2012 17:41:07: error - 2 - require_once(D:\Development\ndoorse/html/sites/default/templates/recruiter.php): failed to open stream: No such file or directory - D:\Development\ndoorse\html\classes\core\Page.php - 178 (6)
28/11/2012 17:41:12: error - 2 - require_once(D:\Development\ndoorse/html/sites/default/templates/recruiter.php): failed to open stream: No such file or directory - D:\Development\ndoorse\html\classes\core\Page.php - 178 (6)
28/11/2012 17:44:52: status - Localise: trying D:\Development\ndoorse/html/sites/default/layouts/reqruiters/jobs.php (6)
28/11/2012 17:44:52: status - Localise: trying D:\Development\ndoorse/html/sites/default/layouts/reqruiters/jobs.php (6)
28/11/2012 17:44:52: warning - Localise: could not find layouts/reqruiters/jobs.php (6)
28/11/2012 17:44:52: status - Localise: trying D:\Development\ndoorse/html/sites/default/layouts/404.php (6)
28/11/2012 17:44:52: status - Localise: found D:\Development\ndoorse/html/sites/default/layouts/404.php (6)
28/11/2012 17:45:08: status - Localise: trying D:\Development\ndoorse/html/sites/default/layouts/reqruiters/jobs.php (6)
28/11/2012 17:45:08: status - Localise: trying D:\Development\ndoorse/html/sites/default/layouts/reqruiters/jobs.php (6)
28/11/2012 17:45:08: warning - Localise: could not find layouts/reqruiters/jobs.php (6)
28/11/2012 17:45:08: status - Localise: trying D:\Development\ndoorse/html/sites/default/layouts/404.php (6)
28/11/2012 17:45:08: status - Localise: found D:\Development\ndoorse/html/sites/default/layouts/404.php (6)
29/11/2012 10:26:43: error - 8 - Undefined variable: baseURL - D:\Development\ndoorse\html\sites\default\layouts\recruiters\jobs.php - 5 (6)
29/11/2012 10:28:10: error - 8 - Undefined variable: baseURL - D:\Development\ndoorse\html\sites\default\layouts\recruiters\jobs.php - 5 (6)
29/11/2012 10:45:25: error - 8 - Use of undefined constant RECRUITERS_URL - assumed 'RECRUITERS_URL' - D:\Development\ndoorse\html\sites\default\controls\JobEditControl.php - 23 (6)
29/11/2012 10:45:31: error - 8 - Use of undefined constant RECRUITERS_URL - assumed 'RECRUITERS_URL' - D:\Development\ndoorse\html\sites\default\controls\JobEditControl.php - 23 (6)
29/11/2012 10:45:33: error - 8 - Use of undefined constant RECRUITERS_URL - assumed 'RECRUITERS_URL' - D:\Development\ndoorse\html\sites\default\controls\JobEditControl.php - 23 (6)
29/11/2012 10:46:17: error - 8 - Use of undefined constant RECRUITERS_URL - assumed 'RECRUITERS_URL' - D:\Development\ndoorse\html\sites\default\controls\JobEditControl.php - 23 (6)
29/11/2012 10:46:33: error - 8 - Use of undefined constant RECRUITERS_URL - assumed 'RECRUITERS_URL' - D:\Development\ndoorse\html\sites\default\controls\JobEditControl.php - 23 (6)
29/11/2012 10:56:13: error - 8 - Undefined variable: POST - D:\Development\ndoorse\html\controllers\RecruitersController.php - 78 (6)
29/11/2012 10:56:33: error - 8 - Undefined index: share - D:\Development\ndoorse\html\controllers\RecruitersController.php - 78 (6)
29/11/2012 10:56:36: error - 8 - Undefined index: share - D:\Development\ndoorse\html\controllers\RecruitersController.php - 78 (6)
29/11/2012 10:56:38: error - 8 - Undefined index: share - D:\Development\ndoorse\html\controllers\RecruitersController.php - 78 (6)
29/11/2012 10:57:01: error - 8 - Undefined index: share - D:\Development\ndoorse\html\controllers\RecruitersController.php - 76 (6)
29/11/2012 11:12:41: error - 8 - Undefined variable: status - D:\Development\ndoorse\html\classes\ndoorse\Job.php - 228 (6)
29/11/2012 11:31:20: error - 2 - array_key_exists() expects parameter 2 to be array, string given - D:\Development\ndoorse\html\sites\default\controls\FormControl.php - 430 (6)
29/11/2012 11:50:07: error - 8 - Undefined variable: args - D:\Development\ndoorse\html\sites\default\controls\JobListControl.php - 24 (6)
29/11/2012 11:50:42: error - 8 - Undefined index: heading - D:\Development\ndoorse\html\sites\default\controls\TableControl.php - 46 (6)
29/11/2012 11:53:20: error - 8 - Undefined index: heading - D:\Development\ndoorse\html\sites\default\controls\TableControl.php - 46 (6)
29/11/2012 11:55:56: error - 8 - Undefined index: heading - D:\Development\ndoorse\html\sites\default\controls\TableControl.php - 48 (6)
29/11/2012 11:56:52: error - 8 - Undefined index: heading - D:\Development\ndoorse\html\sites\default\controls\TableControl.php - 48 (6)
29/11/2012 12:16:46: error - 8 - Undefined variable: asCount - D:\Development\ndoorse\html\classes\ndoorse\Job.php - 203 (6)
29/11/2012 12:26:13: error - 8 - Undefined variable: dir - D:\Development\ndoorse\html\sites\default\controls\JobsFilterControl.php - 32 (6)
29/11/2012 12:27:48: error - 8 - Undefined variable: dir - D:\Development\ndoorse\html\sites\default\controls\JobsFilterControl.php - 32 (6)
29/11/2012 12:36:58: error - 8 - Undefined variable: stmt - D:\Development\ndoorse\html\classes\ndoorse\Job.php - 250 (6)
29/11/2012 14:34:43: error - 0 - Could not get property. No such property: aplicationID - D:\Development\ndoorse\html\classes\core\Model.php - 30 (6)
29/11/2012 14:37:19: error - 8 - Undefined variable: job - D:\Development\ndoorse\html\sites\default\layouts\recruiters\matches.php - 3 (6)
30/11/2012 11:11:42: error - 8 - A session had already been started - ignoring session_start() - D:\Development\ndoorse\html\controllers\DefaultController.php - 36 (6)
30/11/2012 11:12:12: error - 8 - A session had already been started - ignoring session_start() - D:\Development\ndoorse\html\controllers\DefaultController.php - 60 (6)
30/11/2012 11:22:31: error - 8 - A session had already been started - ignoring session_start() - D:\Development\ndoorse\html\controllers\DefaultController.php - 60 (6)
30/11/2012 11:22:40: error - 8 - A session had already been started - ignoring session_start() - D:\Development\ndoorse\html\controllers\DefaultController.php - 36 (6)
30/11/2012 11:23:10: error - 8 - A session had already been started - ignoring session_start() - D:\Development\ndoorse\html\controllers\DefaultController.php - 60 (6)
30/11/2012 11:23:11: error - 8 - A session had already been started - ignoring session_start() - D:\Development\ndoorse\html\controllers\DefaultController.php - 60 (6)
30/11/2012 11:23:13: error - 8 - A session had already been started - ignoring session_start() - D:\Development\ndoorse\html\controllers\DefaultController.php - 60 (6)
30/11/2012 11:50:59: error - 8 - Undefined index: user - D:\Development\ndoorse\html\controllers\DefaultController.php - 43 (0)
30/11/2012 11:57:54: error - 8 - Undefined index: user - D:\Development\ndoorse\html\controllers\DefaultController.php - 43 (0)
30/11/2012 11:57:57: error - 8 - Undefined index: user - D:\Development\ndoorse\html\controllers\DefaultController.php - 43 (0)
30/11/2012 12:02:25: error - 8 - A session had already been started - ignoring session_start() - D:\Development\ndoorse\html\controllers\DefaultController.php - 15 (0)
30/11/2012 12:02:26: error - 8 - A session had already been started - ignoring session_start() - D:\Development\ndoorse\html\controllers\DefaultController.php - 15 (0)
30/11/2012 12:07:24: error - 8 - Undefined index: user - D:\Development\ndoorse\html\controllers\RecruitersController.php - 13 (0)
30/11/2012 12:08:58: error - 8 - A session had already been started - ignoring session_start() - D:\Development\ndoorse\html\controllers\DefaultController.php - 16 (0)
30/11/2012 15:08:48: error - 8 - Use of undefined constant fasle - assumed 'fasle' - D:\Development\ndoorse\html\controllers\RecruitersController.php - 12 (6)
03/12/2012 10:58:31: error - 0 - Could not get property. No such property: comapany - D:\Development\ndoorse\html\classes\core\Model.php - 32 (43)
03/12/2012 11:00:28: error - 8 - Trying to get property of non-object - D:\Development\ndoorse\html\classes\ndoorse\Match.php - 70 (43)
03/12/2012 11:08:46: error - 0 - Could not get property. No such property: company - D:\Development\ndoorse\html\classes\core\Model.php - 32 (43)
03/12/2012 11:10:59: error - 0 - Could not get property. No such property: comapany - D:\Development\ndoorse\html\classes\core\Model.php - 32 (43)
03/12/2012 11:12:39: error - 0 - Could not get property. No such property: comapany - D:\Development\ndoorse\html\classes\core\Model.php - 32 (43)
03/12/2012 11:13:05: error - 0 - Could not get property. No such property: comapany - D:\Development\ndoorse\html\classes\core\Model.php - 32 (43)
03/12/2012 12:06:40: error - 8 - Undefined index: title - D:\Development\ndoorse\html\sites\default\controls\TableControl.php - 71 (6)
03/12/2012 12:12:04: error - 8 - Undefined index: orderby - D:\Development\ndoorse\html\sites\default\controls\JobListControl.php - 27 (6)
03/12/2012 12:13:32: error - 8 - Undefined index: orderby - D:\Development\ndoorse\html\sites\default\controls\JobListControl.php - 27 (6)
03/12/2012 12:19:15: error - 8 - Undefined variable: args - D:\Development\ndoorse\html\sites\default\controls\TableControl.php - 41 (6)
03/12/2012 13:46:44: error - 2 - Missing argument 2 for Ndoorse_Match::getMatchesFor(), called in D:\Development\ndoorse\html\sites\default\controls\JobListControl.php on line 42 and defined - D:\Development\ndoorse\html\classes\ndoorse\Match.php - 26 (6)
03/12/2012 13:46:45: error - 2 - Missing argument 2 for Ndoorse_Match::getMatchesFor(), called in D:\Development\ndoorse\html\sites\default\controls\JobListControl.php on line 42 and defined - D:\Development\ndoorse\html\classes\ndoorse\Match.php - 26 (6)
03/12/2012 13:46:48: error - 2 - Missing argument 2 for Ndoorse_Match::getMatchesFor(), called in D:\Development\ndoorse\html\sites\default\controls\JobListControl.php on line 42 and defined - D:\Development\ndoorse\html\classes\ndoorse\Match.php - 26 (6)
03/12/2012 13:48:58: error - 0 - Could not get property. No such property: getID - D:\Development\ndoorse\html\classes\core\Model.php - 32 (6)
03/12/2012 13:50:24: error - 8 - Undefined index: match - D:\Development\ndoorse\html\sites\default\controls\TableControl.php - 77 (6)
03/12/2012 13:53:15: error - 8 - Undefined index: num - D:\Development\ndoorse\html\classes\ndoorse\Match.php - 68 (6)
03/12/2012 13:56:59: error - 2 - Invalid argument supplied for foreach() - D:\Development\ndoorse\html\sites\default\controls\MatchListControl.php - 9 (6)
03/12/2012 13:58:59: error - 2 - Missing argument 2 for Ndoorse_Match::getMatchesFor(), called in D:\Development\ndoorse\html\controllers\RecruitersController.php on line 160 and defined - D:\Development\ndoorse\html\classes\ndoorse\Match.php - 26 (6)
03/12/2012 13:59:29: error - 8 - Trying to get property of non-object - D:\Development\ndoorse\html\classes\ndoorse\Match.php - 93 (6)
03/12/2012 13:59:30: error - 8 - Trying to get property of non-object - D:\Development\ndoorse\html\classes\ndoorse\Match.php - 93 (6)
03/12/2012 13:59:34: error - 8 - Trying to get property of non-object - D:\Development\ndoorse\html\classes\ndoorse\Match.php - 93 (6)
03/12/2012 14:24:53: error - 8 - Undefined variable: update - D:\Development\ndoorse\html\classes\ndoorse\Match.php - 50 (6)
03/12/2012 14:50:16: error - 2 - Missing argument 2 for JobListControl::render(), called in D:\Development\ndoorse\html\sites\default\layouts\jobs\list.php on line 5 and defined - D:\Development\ndoorse\html\sites\default\controls\JobListControl.php - 4 (43)
03/12/2012 14:50:20: error - 2 - Missing argument 2 for JobListControl::render(), called in D:\Development\ndoorse\html\sites\default\layouts\jobs\list.php on line 5 and defined - D:\Development\ndoorse\html\sites\default\controls\JobListControl.php - 4 (43)
03/12/2012 15:48:43: error - 2 - Missing argument 2 for JobListControl::render(), called in D:\Development\ndoorse\html\sites\default\layouts\jobs\list.php on line 5 and defined - D:\Development\ndoorse\html\sites\default\controls\JobListControl.php - 4 (6)
03/12/2012 16:14:30: error - 8 - Undefined variable: tmt - D:\Development\ndoorse\html\classes\ndoorse\Job.php - 145 (43)
03/12/2012 17:55:09: error - 0 - Could not get property. No such property: startDate - D:\Development\ndoorse\html\classes\core\Model.php - 32 (6)
03/12/2012 17:58:33: error - 0 - Could not get property. No such property: endtDate - D:\Development\ndoorse\html\classes\core\Model.php - 32 (6)
04/12/2012 11:44:43: error - 2 - PDO::__construct(): [2002] A connection attempt failed because the connected party did not properly respond after a period of time, or established connecti (trying to connect via tcp://metropolitan:3306) - D:\Development\ndoorse\html\classes\db\DatabaseConnection.php - 128 (0)
04/12/2012 11:44:46: error - 2 - PDO::__construct(): [2002] A connection attempt failed because the connected party did not properly respond after a period of time, or established connecti (trying to connect via tcp://metropolitan:3306) - D:\Development\ndoorse\html\classes\db\DatabaseConnection.php - 128 (0)
04/12/2012 16:01:32: error - 2 - Attempt to assign property of non-object - D:\Development\ndoorse\html\sites\default\controls\FormControl.php - 77 (43)
04/12/2012 17:17:57: error - 8 - Trying to get property of non-object - D:\Development\ndoorse\html\sites\default\controls\MembersProfileControl.php - 138 (43)
04/12/2012 17:20:01: error - 0 - DatePeriod::__construct(): Unknown or bad format (2012-12-02 00:00:00) - D:\Development\ndoorse\html\sites\default\controls\MembersProfileControl.php - 138 (43)
04/12/2012 17:21:03: error - 0 - DatePeriod::__construct(): Unknown or bad format (1354406400) - D:\Development\ndoorse\html\sites\default\controls\MembersProfileControl.php - 138 (43)
04/12/2012 17:21:39: error - 2 - date() expects parameter 2 to be long, object given - D:\Development\ndoorse\html\sites\default\controls\MembersProfileControl.php - 151 (43)
04/12/2012 17:22:27: error - 8 - Undefined property: DateTime::$Y - D:\Development\ndoorse\html\sites\default\controls\MembersProfileControl.php - 151 (43)
04/12/2012 17:22:46: error - 8 - Undefined property: DateTime::$y - D:\Development\ndoorse\html\sites\default\controls\MembersProfileControl.php - 151 (43)
05/12/2012 14:46:15: error - 8 - Undefined variable: args - D:\Development\ndoorse\html\sites\default\controls\MatchListControl.php - 44 (6)
05/12/2012 14:47:21: error - 0 - Could not get property. No such property: surname - D:\Development\ndoorse\html\classes\core\Model.php - 32 (6)
05/12/2012 14:47:47: error - 8 - Undefined variable: jobsArray - D:\Development\ndoorse\html\sites\default\controls\MatchListControl.php - 94 (6)
06/12/2012 10:50:09: error - 8 - Undefined variable: job - D:\Development\ndoorse\html\sites\default\layouts\recruiters\match.php - 3 (6)
06/12/2012 12:32:16: error - 8 - Undefined variable: args - D:\Development\ndoorse\html\sites\default\controls\MembersListControl.php - 38 (6)
06/12/2012 12:32:53: error - 8 - Undefined variable: return - D:\Development\ndoorse\html\classes\ndoorse\Member.php - 75 (6)
06/12/2012 12:33:25: error - 2 - Missing argument 2 for MembersListControl::render(), called in D:\Development\ndoorse\html\sites\default\layouts\recruiters\match.php on line 27 and defined - D:\Development\ndoorse\html\sites\default\controls\MembersListControl.php - 4 (6)
06/12/2012 12:50:42: error - 8 - Undefined variable: orderBy - D:\Development\ndoorse\html\classes\ndoorse\Member.php - 197 (6)
06/12/2012 14:11:53: error - 8 - Constant BASE_URL already defined - D:\Development\ndoorse\html\controllers\JobsController.php - 9 (6)
06/12/2012 14:11:58: error - 8 - Constant BASE_URL already defined - D:\Development\ndoorse\html\controllers\JobsController.php - 9 (6)
06/12/2012 14:15:53: error - 8 - Constant BASE_URL already defined - D:\Development\ndoorse\html\controllers\JobsController.php - 9 (6)
06/12/2012 14:49:10: error - 8 - Constant BASE_URL already defined - D:\Development\ndoorse\html\controllers\JobsController.php - 9 (6)
06/12/2012 15:29:39: error - 4096 - Object of class Ndoorse_Match could not be converted to string - D:\Development\ndoorse\html\sites\default\controls\MatchListControl.php - 73 (6)
06/12/2012 15:50:27: error - 0 - Could not get property. No such property: recommendee - D:\Development\ndoorse\html\classes\core\Model.php - 32 (6)
06/12/2012 16:02:32: error - 8 - Undefined variable: userID - D:\Development\ndoorse\html\classes\ndoorse\Match.php - 165 (6)
06/12/2012 16:13:23: error - 0 - Could not get property. No such property: recommendee - D:\Development\ndoorse\html\classes\core\Model.php - 32 (6)
06/12/2012 16:21:59: status - Localise: trying D:\Development\ndoorse/html/sites/default/layouts/application/view.php (6)
06/12/2012 16:21:59: status - Localise: trying D:\Development\ndoorse/html/sites/default/layouts/application/view.php (6)
06/12/2012 16:21:59: warning - Localise: could not find layouts/application/view.php (6)
06/12/2012 16:21:59: status - Localise: trying D:\Development\ndoorse/html/sites/default/layouts/404.php (6)
06/12/2012 16:21:59: status - Localise: found D:\Development\ndoorse/html/sites/default/layouts/404.php (6)
06/12/2012 16:22:32: status - Localise: trying D:\Development\ndoorse/html/sites/default/layouts/application/view.php (6)
06/12/2012 16:22:32: status - Localise: trying D:\Development\ndoorse/html/sites/default/layouts/application/view.php (6)
06/12/2012 16:22:32: warning - Localise: could not find layouts/application/view.php (6)
06/12/2012 16:22:32: status - Localise: trying D:\Development\ndoorse/html/sites/default/layouts/404.php (6)
06/12/2012 16:22:32: status - Localise: found D:\Development\ndoorse/html/sites/default/layouts/404.php (6)
06/12/2012 16:38:34: status - Localise: trying D:\Development\ndoorse/html/sites/default/layouts/application/view.php (6)
06/12/2012 16:38:34: status - Localise: trying D:\Development\ndoorse/html/sites/default/layouts/application/view.php (6)
06/12/2012 16:38:34: warning - Localise: could not find layouts/application/view.php (6)
06/12/2012 16:38:34: status - Localise: trying D:\Development\ndoorse/html/sites/default/layouts/404.php (6)
06/12/2012 16:38:34: status - Localise: found D:\Development\ndoorse/html/sites/default/layouts/404.php (6)
06/12/2012 17:45:26: status - Localise: trying D:\Development\ndoorse/html/sites/default/layouts/application/view.php (6)
06/12/2012 17:45:26: status - Localise: trying D:\Development\ndoorse/html/sites/default/layouts/application/view.php (6)
06/12/2012 17:45:26: warning - Localise: could not find layouts/application/view.php (6)
06/12/2012 17:45:26: status - Localise: trying D:\Development\ndoorse/html/sites/default/layouts/404.php (6)
06/12/2012 17:45:26: status - Localise: found D:\Development\ndoorse/html/sites/default/layouts/404.php (6)
06/12/2012 18:06:34: error - 8 - Undefined variable: match - D:\Development\ndoorse\html\sites\default\controls\JobListControl.php - 46 (6)
06/12/2012 18:14:06: status - Localise: trying D:\Development\ndoorse/html/sites/default/layouts/application/view.php (6)
06/12/2012 18:14:06: status - Localise: trying D:\Development\ndoorse/html/sites/default/layouts/application/view.php (6)
06/12/2012 18:14:06: warning - Localise: could not find layouts/application/view.php (6)
06/12/2012 18:14:06: status - Localise: trying D:\Development\ndoorse/html/sites/default/layouts/404.php (6)
06/12/2012 18:14:06: status - Localise: found D:\Development\ndoorse/html/sites/default/layouts/404.php (6)
06/12/2012 19:04:42: error - 8 - Undefined variable: rc - D:\Development\ndoorse\html\controllers\RecruitersController.php - 180 (6)
07/12/2012 10:19:56: error - 8 - Undefined variable: message - D:\Development\ndoorse\html\controllers\PigeonholeController.php - 182 (43)
07/12/2012 10:31:18: error - 8 - Undefined index: senderID - D:\Development\ndoorse\html\controllers\PigeonholeController.php - 195 (43)
07/12/2012 10:32:35: error - 8 - Undefined index: senderID - D:\Development\ndoorse\html\controllers\PigeonholeController.php - 192 (43)
07/12/2012 10:32:37: error - 8 - Undefined index: senderID - D:\Development\ndoorse\html\controllers\PigeonholeController.php - 192 (43)
07/12/2012 10:33:03: error - 8 - Undefined index: subject - D:\Development\ndoorse\html\controllers\PigeonholeController.php - 192 (43)
07/12/2012 10:33:53: error - 8 - Undefined index: subject - D:\Development\ndoorse\html\controllers\PigeonholeController.php - 192 (43)
07/12/2012 10:35:12: error - 8 - Undefined index: senderID - D:\Development\ndoorse\html\controllers\PigeonholeController.php - 195 (43)
07/12/2012 10:35:23: error - 8 - Undefined index: senderID - D:\Development\ndoorse\html\controllers\PigeonholeController.php - 195 (43)
07/12/2012 10:38:25: error - 8 - Undefined index: senderID - D:\Development\ndoorse\html\controllers\PigeonholeController.php - 196 (43)
07/12/2012 14:46:25: status - Localise: trying D:\Development\ndoorse/html/sites/default/layouts/application/view.php (6)
07/12/2012 14:46:25: status - Localise: trying D:\Development\ndoorse/html/sites/default/layouts/application/view.php (6)
07/12/2012 14:46:25: warning - Localise: could not find layouts/application/view.php (6)
07/12/2012 14:46:25: status - Localise: trying D:\Development\ndoorse/html/sites/default/layouts/404.php (6)
07/12/2012 14:46:25: status - Localise: found D:\Development\ndoorse/html/sites/default/layouts/404.php (6)
10/12/2012 10:34:38: status - Localise: trying D:\Development\ndoorse/html/sites/default/layouts/application/view.php (6)
10/12/2012 10:34:38: status - Localise: trying D:\Development\ndoorse/html/sites/default/layouts/application/view.php (6)
10/12/2012 10:34:38: warning - Localise: could not find layouts/application/view.php (6)
10/12/2012 10:34:38: status - Localise: trying D:\Development\ndoorse/html/sites/default/layouts/404.php (6)
10/12/2012 10:34:38: status - Localise: found D:\Development\ndoorse/html/sites/default/layouts/404.php (6)
10/12/2012 11:20:28: error - 8 - Constant BASE_URL already defined - D:\Development\ndoorse\html\controllers\JobsController.php - 9 (6)
10/12/2012 13:56:27: error - 8 - Undefined index: city - D:\Development\ndoorse\html\controllers\MembersController.php - 127 (43)
10/12/2012 14:40:41: error - 8 - Undefined variable: fieldErrors - D:\Development\ndoorse\html\sites\default\layouts\recruiters\jobs.php - 102 (6)
10/12/2012 14:41:38: error - 8 - Undefined variable: fieldErrors - D:\Development\ndoorse\html\sites\default\layouts\recruiters\jobs.php - 102 (6)
10/12/2012 14:42:19: error - 8 - Undefined variable: fieldErrors - D:\Development\ndoorse\html\sites\default\layouts\recruiters\jobs.php - 102 (6)
10/12/2012 15:36:39: error - 8 - Undefined index: holder - D:\Development\ndoorse\html\controllers\RecruitersController.php - 296 (6)
10/12/2012 15:44:33: error - 8 - Undefined index: holder - D:\Development\ndoorse\html\controllers\RecruitersController.php - 301 (6)
10/12/2012 15:45:38: error - 8 - Undefined index: holder - D:\Development\ndoorse\html\controllers\RecruitersController.php - 301 (6)
13/12/2012 16:51:40: error - 8 - Undefined index: user - D:\Development\ndoorse\html\controllers\RecruitersController.php - 19 (0)
14/12/2012 09:54:32: error - 8 - Undefined index: salary - D:\Development\ndoorse\html\sites\default\controls\TableControl.php - 77 (6)
14/12/2012 10:15:36: error - 0 - Ndoorse/Member/SetPassword: no user. - D:\Development\ndoorse\html\classes\ndoorse\Member.php - 706 (0)
14/12/2012 10:18:19: error - 0 - Ndoorse/Member/SetPassword: no user. - D:\Development\ndoorse\html\classes\ndoorse\Member.php - 706 (0)
14/12/2012 10:21:29: error - 0 - Ndoorse/Member/SetPassword: no user. - D:\Development\ndoorse\html\classes\ndoorse\Member.php - 706 (0)
14/12/2012 15:38:06: error - 2 - get_called_class() called from outside a class - D:\Development\ndoorse\html\lib\functions.php - 248 (6)
14/12/2012 17:09:12: error - 8 - Undefined index: user - D:\Development\ndoorse\html\controllers\RecruitersController.php - 20 (0)
14/12/2012 17:09:28: error - 8 - Undefined index: user - D:\Development\ndoorse\html\controllers\RecruitersController.php - 20 (0)
20/12/2012 10:58:33: error - 0 - Could not get property. No such property: userID - D:\Development\ndoorse\html\classes\core\Model.php - 32 (6)
20/12/2012 11:17:58: error - 2 - Missing argument 2 for Ndoorse_Member::addServiceProvider(), called in D:\Development\ndoorse\html\controllers\ServiceprovidersController.php on line 74 and defined - D:\Development\ndoorse\html\classes\ndoorse\Member.php - 104 (6)
20/12/2012 16:12:02: error - 8 - Trying to get property of non-object - D:\Development\ndoorse\html\sites\default\controls\ServiceProviderEditControl.php - 7 (6)
20/12/2012 17:06:44: error - 8 - Trying to get property of non-object - D:\Development\ndoorse\html\sites\default\controls\ServiceProviderEditControl.php - 7 (6)
20/12/2012 17:08:32: error - 8 - Undefined variable: inviteFieldErrors - D:\Development\ndoorse\html\sites\default\layouts\serviceproviders\edit.php - 8 (6)
21/12/2012 11:27:03: error - 8 - Undefined variable: inviteFormErrors - D:\Development\ndoorse\html\sites\default\layouts\serviceproviders\edit.php - 8 (6)
21/12/2012 11:28:18: error - 8 - Undefined variable: inviteFormErrors - D:\Development\ndoorse\html\sites\default\layouts\serviceproviders\edit.php - 8 (6)
21/12/2012 11:28:22: error - 8 - Undefined variable: inviteFormErrors - D:\Development\ndoorse\html\sites\default\layouts\serviceproviders\edit.php - 8 (6)
21/12/2012 11:31:48: error - 2 - Invalid argument supplied for foreach() - D:\Development\ndoorse\html\sites\default\layouts\serviceproviders\edit.php - 8 (6)
21/12/2012 11:32:31: error - 8 - Trying to get property of non-object - D:\Development\ndoorse\html\sites\default\layouts\serviceproviders\edit.php - 10 (6)
21/12/2012 11:51:05: error - 8 - Undefined index: position - D:\Development\ndoorse\html\classes\ndoorse\Serviceprovider.php - 172 (6)
21/12/2012 12:38:42: error - 8 - Undefined variable: dbConn - D:\Development\ndoorse\html\classes\ndoorse\Serviceprovider.php - 248 (6)
21/12/2012 12:39:14: error - 8 - Undefined variable: content - D:\Development\ndoorse\html\classes\ndoorse\Serviceprovider.php - 257 (6)
21/12/2012 12:50:55: error - 8 - Undefined index: subject - D:\Development\ndoorse\html\controllers\MessagesController.php - 205 (44)
21/12/2012 13:04:35: error - 8 - Undefined variable: message - D:\Development\ndoorse\html\controllers\MessagesController.php - 204 (44)
21/12/2012 13:05:23: error - 8 - Undefined index: subject - D:\Development\ndoorse\html\controllers\MessagesController.php - 215 (44)
03/01/2013 15:19:28: error - 8 - Trying to get property of non-object - D:\Development\ndoorse\html\sites\default\layouts\serviceproviders\view.php - 62 (6)
03/01/2013 15:21:33: error - 8 - Undefined variable: user - D:\Development\ndoorse\html\sites\default\layouts\serviceproviders\view.php - 59 (6)
03/01/2013 15:21:41: error - 8 - Undefined variable: user - D:\Development\ndoorse\html\sites\default\layouts\serviceproviders\view.php - 59 (6)
03/01/2013 15:25:32: error - 8 - Undefined variable: limit - D:\Development\ndoorse\html\sites\default\layouts\serviceproviders\view.php - 60 (6)
03/01/2013 15:58:21: error - 2 - explode(): Empty delimiter - D:\Development\ndoorse\html\sites\default\layouts\serviceproviders\view.php - 62 (6)
03/01/2013 15:58:52: error - 2 - explode(): Empty delimiter - D:\Development\ndoorse\html\sites\default\layouts\serviceproviders\view.php - 66 (6)
03/01/2013 15:59:17: error - 8 - Undefined offset: 1 - D:\Development\ndoorse\html\sites\default\layouts\serviceproviders\view.php - 68 (6)
03/01/2013 16:05:45: error - 8 - Undefined variable: username - D:\Development\ndoorse\html\sites\default\layouts\serviceproviders\view.php - 61 (6)
04/01/2013 11:00:55: error - 0 - Could not get property. No such property: Location - D:\Development\ndoorse\html\classes\core\Model.php - 32 (6)
04/01/2013 13:30:28: error - 8 - Undefined variable: matchedMember - D:\Development\ndoorse\html\sites\default\controls\MatchListControl.php - 62 (6)
07/01/2013 10:04:35: error - 8 - Undefined variable: formErrors - D:\Development\ndoorse\html\sites\default\layouts\members\profile.php - 298 (6)
07/01/2013 10:42:57: error - 8 - Undefined variable: formErrors - D:\Development\ndoorse\html\sites\default\layouts\members\profile.php - 298 (6)
07/01/2013 10:44:21: error - 8 - Undefined variable: formErrors - D:\Development\ndoorse\html\sites\default\layouts\members\profile.php - 298 (6)
07/01/2013 10:44:49: error - 8 - Undefined variable: profileForm - D:\Development\ndoorse\html\sites\default\controls\ServiceProviderProfileControl.php - 14 (6)
07/01/2013 10:45:57: error - 8 - Undefined variable: noedit - D:\Development\ndoorse\html\sites\default\controls\ServiceProviderProfileControl.php - 22 (6)
07/01/2013 10:46:00: error - 8 - Undefined variable: noedit - D:\Development\ndoorse\html\sites\default\controls\ServiceProviderProfileControl.php - 22 (6)
