16/10/2012 11:20:52 - --- Finish  ---
16/10/2012 11:21:05 - --- Finish listcontroldemo ---
16/10/2012 11:21:26 - --- Finish listcontroldemo ---
16/10/2012 11:22:12 - --- Finish listcontroldemo ---
16/10/2012 11:22:37 - --- Finish demo ---
16/10/2012 19:04:57 - --- Finish  ---
16/10/2012 19:05:04 - --- Finish demo ---
17/10/2012 14:23:04 - --- Finish demo/ ---
17/10/2012 14:23:06 - --- Finish demo/ ---
17/10/2012 14:23:11 - --- Finish demo/ ---
17/10/2012 14:23:12 - --- Finish demo/ ---
17/10/2012 14:23:12 - --- Finish demo/ ---
17/10/2012 14:23:17 - --- Finish demo ---
17/10/2012 14:23:31 - --- Finish demo/ ---
17/10/2012 14:29:15 - --- Finish demo/ ---
19/10/2012 14:30:00 - --- Finish  ---
26/10/2012 12:11:01 - --- Finish  ---
26/10/2012 12:22:16 - --- Finish  ---
26/10/2012 13:32:02 - --- Finish  ---
26/10/2012 13:32:07 - --- Finish  ---
26/10/2012 13:32:21 - --- Finish  ---
26/10/2012 13:35:35 - --- Finish  ---
26/10/2012 13:35:51 - --- Finish login ---
26/10/2012 13:35:52 - --- Finish  ---
26/10/2012 13:35:53 - --- Finish login ---
26/10/2012 13:35:53 - --- Finish  ---
26/10/2012 13:35:55 - --- Finish login ---
26/10/2012 13:35:56 - --- Finish  ---
26/10/2012 13:39:53 - --- Finish  ---
26/10/2012 13:41:34 - --- Finish signup ---
26/10/2012 13:45:28 - --- Finish signup ---
26/10/2012 13:45:54 - --- Finish  ---
26/10/2012 13:52:04 - --- Finish signup ---
26/10/2012 14:50:56 - --- Finish  ---
26/10/2012 14:53:03 - --- Finish signup ---
26/10/2012 14:53:09 - --- Finish signup ---
26/10/2012 14:55:03 - --- Finish signup ---
26/10/2012 14:55:04 - --- Finish  ---
26/10/2012 15:04:52 - --- Finish login ---
26/10/2012 15:04:54 - --- Finish  ---
26/10/2012 15:32:10 - --- Finish signup ---
26/10/2012 15:34:26 - --- Finish signup ---
26/10/2012 15:34:49 - --- Finish signup ---
26/10/2012 15:35:38 - --- Finish signup ---
26/10/2012 15:36:35 - --- Finish signup ---
26/10/2012 15:36:38 - --- Finish signup ---
26/10/2012 15:36:56 - --- Finish signup ---
26/10/2012 15:38:12 - --- Finish signup ---
26/10/2012 15:38:17 - --- Finish signup ---
26/10/2012 15:38:18 - --- Finish signup ---
26/10/2012 15:38:28 - --- Finish signup ---
26/10/2012 15:47:42 - --- Finish signup ---
26/10/2012 15:47:43 - --- Finish signup ---
26/10/2012 15:47:57 - --- Finish signup ---
26/10/2012 15:53:25 - --- Finish signup ---
30/10/2012 10:43:16 - --- Finish signup ---
30/10/2012 10:48:26 - --- Finish signup ---
