30/10/2012 10:56:13 - --- Finish signup ---
30/10/2012 11:10:19 - --- Finish signup ---
30/10/2012 11:11:07 - --- Finish signup ---
30/10/2012 11:21:57 - --- Finish signup ---
30/10/2012 11:22:52 - --- Finish signup ---
30/10/2012 11:23:21 - --- Finish signup ---
30/10/2012 11:24:19 - --- Finish signup ---
30/10/2012 11:29:22 - --- Finish signup ---
30/10/2012 11:30:15 - --- Finish signup ---
30/10/2012 11:32:34 - --- Finish signup ---
30/10/2012 11:58:38 - --- Finish signup ---
30/10/2012 12:01:01 - --- Finish signup ---
30/10/2012 12:28:16 - --- Finish signup ---
30/10/2012 14:25:21 - --- Finish signup ---
30/10/2012 14:28:51 - --- Finish signup ---
30/10/2012 14:43:33 - --- Finish signup ---
30/10/2012 16:01:56 - --- Finish signup ---
30/10/2012 16:05:58 - --- Finish signup ---
30/10/2012 16:06:09 - --- Finish signup ---
30/10/2012 16:30:03 - --- Finish signup ---
30/10/2012 16:33:49 - --- Finish signup ---
30/10/2012 17:10:26 - --- Finish signup ---
30/10/2012 17:26:44 - --- Finish signup ---
30/10/2012 17:26:47 - --- Finish signup ---
31/10/2012 11:06:34 - --- Finish signup ---
31/10/2012 11:06:49 - --- Finish signup ---
31/10/2012 11:15:28 - --- Finish signup ---
31/10/2012 11:16:20 - --- Finish signup ---
31/10/2012 11:16:43 - --- Finish signup ---
31/10/2012 11:17:10 - --- Finish signup ---
31/10/2012 11:17:24 - --- Finish signup ---
31/10/2012 11:25:14 - --- Finish signup ---
31/10/2012 11:25:24 - --- Finish signup ---
31/10/2012 11:26:11 - --- Finish signup ---
31/10/2012 11:26:21 - --- Finish signup ---
31/10/2012 11:26:24 - --- Finish signup ---
31/10/2012 11:26:55 - --- Finish signup ---
31/10/2012 11:27:52 - --- Finish signup ---
31/10/2012 11:28:01 - --- Finish login ---
31/10/2012 11:47:16 - --- Finish signup ---
31/10/2012 11:47:52 - --- Finish signup ---
31/10/2012 11:48:10 - --- Finish signup ---
31/10/2012 11:48:22 - --- Finish signup ---
31/10/2012 11:50:46 - --- Finish signup ---
31/10/2012 12:21:26 - --- Finish signup ---
31/10/2012 12:23:54 - --- Finish signup ---
31/10/2012 12:24:44 - --- Finish signup ---
31/10/2012 12:25:22 - --- Finish signup ---
31/10/2012 12:26:42 - --- Finish signup ---
31/10/2012 12:27:19 - --- Finish signup ---
31/10/2012 13:47:20 - --- Finish signup ---
31/10/2012 13:49:59 - --- Finish signup ---
31/10/2012 13:50:22 - --- Finish signup ---
31/10/2012 13:50:50 - --- Finish signup ---
31/10/2012 13:56:35 - --- Finish  ---
31/10/2012 14:04:54 - --- Finish signup ---
31/10/2012 14:05:24 - --- Finish signup ---
31/10/2012 15:03:03 - --- Finish  ---
31/10/2012 15:03:05 - --- Finish signup ---
31/10/2012 15:03:08 - --- Finish signup ---
31/10/2012 15:03:18 - --- Finish signup ---
31/10/2012 15:06:31 - --- Finish signup ---
31/10/2012 15:06:59 - --- Finish signup ---
31/10/2012 15:09:10 - --- Finish signup ---
31/10/2012 15:10:40 - --- Finish signup ---
31/10/2012 15:11:06 - --- Finish signup ---
31/10/2012 15:11:28 - --- Finish signup ---
31/10/2012 16:33:07 - --- Finish  ---
31/10/2012 16:45:51 - --- Finish login ---
31/10/2012 17:12:25 - --- Finish login ---
31/10/2012 17:13:23 - --- Finish login ---
31/10/2012 17:13:24 - --- Finish  ---
31/10/2012 17:13:29 - --- Finish login ---
31/10/2012 17:13:33 - --- Finish  ---
31/10/2012 17:16:45 - --- Finish  ---
31/10/2012 17:16:51 - --- Finish login ---
31/10/2012 17:16:59 - --- Finish  ---
31/10/2012 17:17:16 - --- Finish  ---
31/10/2012 17:17:19 - --- Finish login ---
01/11/2012 10:52:36 - --- Finish  ---
01/11/2012 10:52:41 - --- Finish login ---
01/11/2012 10:52:43 - --- Finish  ---
01/11/2012 10:52:49 - --- Finish login ---
01/11/2012 10:53:21 - --- Finish  ---
01/11/2012 10:56:31 - --- Finish  ---
01/11/2012 10:56:35 - --- Finish signup ---
01/11/2012 10:56:36 - --- Finish  ---
01/11/2012 10:56:37 - --- Finish  ---
01/11/2012 10:56:39 - --- Finish login ---
01/11/2012 10:58:41 - --- Finish login ---
01/11/2012 10:59:33 - --- Finish login ---
01/11/2012 11:01:45 - --- Finish  ---
01/11/2012 11:01:49 - --- Finish login ---
01/11/2012 11:13:14 - --- Finish  ---
01/11/2012 11:13:16 - --- Finish signup ---
01/11/2012 11:14:56 - --- Finish signup ---
01/11/2012 11:15:12 - --- Finish signup ---
01/11/2012 11:17:53 - --- Finish signup ---
01/11/2012 11:25:04 - --- Finish signup ---
01/11/2012 11:26:18 - --- Finish signup ---
01/11/2012 11:26:21 - --- Finish signup ---
01/11/2012 11:27:23 - --- Finish signup ---
01/11/2012 11:33:56 - --- Finish signup ---
01/11/2012 11:33:57 - --- Finish  ---
01/11/2012 11:34:01 - --- Finish login ---
01/11/2012 11:36:06 - --- Finish  ---
01/11/2012 11:36:07 - --- Finish  ---
01/11/2012 11:36:09 - --- Finish signup ---
01/11/2012 11:36:20 - --- Finish signup ---
01/11/2012 11:36:24 - --- Finish signup ---
01/11/2012 11:36:27 - --- Finish signup ---
01/11/2012 11:36:28 - --- Finish  ---
01/11/2012 11:42:43 - --- Finish login ---
01/11/2012 11:55:16 - --- Finish  ---
01/11/2012 12:10:47 - --- Finish login ---
01/11/2012 12:10:59 - --- Finish  ---
01/11/2012 12:11:07 - --- Finish login ---
01/11/2012 12:11:31 - --- Finish  ---
01/11/2012 12:11:35 - --- Finish login ---
01/11/2012 12:12:33 - --- Finish  ---
01/11/2012 12:12:37 - --- Finish login ---
01/11/2012 12:12:47 - --- Finish login ---
01/11/2012 12:13:20 - --- Finish login ---
01/11/2012 12:14:27 - --- Finish login ---
01/11/2012 12:14:50 - --- Finish signup ---
01/11/2012 12:17:41 - --- Finish  ---
01/11/2012 12:17:47 - --- Finish login ---
01/11/2012 17:10:02 - --- Finish login ---
01/11/2012 17:10:06 - --- Finish login ---
01/11/2012 17:12:31 - --- Finish login ---
01/11/2012 17:12:40 - --- Finish login ---
01/11/2012 17:12:44 - --- Finish login ---
01/11/2012 17:15:42 - --- Finish  ---
01/11/2012 17:16:11 - --- Finish  ---
01/11/2012 17:16:43 - --- Finish  ---
01/11/2012 17:17:35 - --- Finish  ---
01/11/2012 17:18:35 - --- Finish logout ---
01/11/2012 17:21:33 - --- Finish logout ---
01/11/2012 17:21:45 - --- Finish logout ---
02/11/2012 09:59:52 - --- Finish logout/Login ---
02/11/2012 09:59:55 - --- Finish logout ---
02/11/2012 10:04:32 - --- Finish logout ---
02/11/2012 10:05:37 - --- Finish login ---
02/11/2012 10:05:43 - --- Finish login ---
02/11/2012 10:05:48 - --- Finish login ---
02/11/2012 10:07:44 - --- Finish login ---
02/11/2012 10:15:19 - --- Finish login ---
02/11/2012 10:15:24 - --- Finish login ---
02/11/2012 10:16:25 - --- Finish login ---
02/11/2012 10:16:31 - --- Finish login/logout ---
02/11/2012 10:18:02 - --- Finish login/logout/logout ---
02/11/2012 10:18:08 - --- Finish  ---
02/11/2012 10:18:11 - --- Finish logout ---
02/11/2012 10:18:16 - --- Finish  ---
02/11/2012 10:19:04 - --- Finish  ---
02/11/2012 10:28:26 - --- Finish  ---
02/11/2012 10:28:55 - --- Finish  ---
02/11/2012 10:28:57 - --- Finish logout ---
02/11/2012 10:29:05 - --- Finish login ---
02/11/2012 10:30:22 - --- Finish logout ---
02/11/2012 10:30:27 - --- Finish login ---
02/11/2012 10:31:05 - --- Finish login ---
02/11/2012 10:31:09 - --- Finish logout ---
02/11/2012 10:31:10 - --- Finish login ---
02/11/2012 10:46:56 - --- Finish login ---
02/11/2012 11:03:55 - --- Finish  ---
02/11/2012 11:04:05 - --- Finish login ---
02/11/2012 11:04:06 - --- Finish  ---
02/11/2012 11:04:16 - --- Finish login ---
02/11/2012 11:04:19 - --- Finish  ---
02/11/2012 11:05:13 - --- Finish login ---
02/11/2012 11:08:43 - --- Finish  ---
02/11/2012 11:08:45 - --- Finish  ---
02/11/2012 11:09:00 - --- Finish login ---
02/11/2012 11:10:14 - --- Finish login ---
02/11/2012 11:12:23 - --- Finish members ---
02/11/2012 11:12:42 - --- Finish members ---
02/11/2012 11:13:37 - --- Finish members ---
02/11/2012 11:13:40 - --- Finish logout ---
02/11/2012 11:13:43 - --- Finish login ---
02/11/2012 11:13:47 - --- Finish login ---
02/11/2012 11:13:49 - --- Finish members ---
02/11/2012 11:44:49 - --- Finish members ---
02/11/2012 11:49:38 - --- Finish members ---
02/11/2012 11:51:08 - --- Finish members ---
02/11/2012 11:56:40 - --- Finish members ---
02/11/2012 11:57:22 - --- Finish members ---
02/11/2012 12:05:47 - --- Finish members ---
02/11/2012 12:11:58 - --- Finish members ---
02/11/2012 12:12:41 - --- Finish members ---
02/11/2012 12:12:45 - --- Finish members ---
02/11/2012 12:16:22 - --- Finish members ---
02/11/2012 12:22:37 - --- Finish members ---
02/11/2012 12:25:07 - --- Finish members ---
02/11/2012 12:25:09 - --- Finish members ---
02/11/2012 12:27:37 - --- Finish members ---
02/11/2012 12:30:12 - --- Finish members ---
02/11/2012 12:31:10 - --- Finish members ---
02/11/2012 12:31:36 - --- Finish members ---
02/11/2012 13:42:43 - --- Finish members ---
02/11/2012 13:43:15 - --- Finish members ---
02/11/2012 13:50:15 - --- Finish members ---
02/11/2012 14:44:27 - --- Finish members ---
02/11/2012 14:44:33 - --- Finish members/autocompleteNew ---
02/11/2012 14:44:42 - --- Finish members/autocompleteNew ---
02/11/2012 14:44:42 - --- Finish members/autocompleteNew ---
02/11/2012 14:44:42 - --- Finish members/autocompleteNew ---
02/11/2012 14:44:42 - --- Finish members/autocompleteNew ---
02/11/2012 14:44:45 - --- Finish members ---
02/11/2012 14:46:46 - --- Finish members ---
02/11/2012 14:47:14 - --- Finish members ---
02/11/2012 14:48:15 - --- Finish members/autocompleteNew ---
02/11/2012 14:48:16 - --- Finish members ---
02/11/2012 14:48:18 - --- Finish members/autocompleteNew ---
02/11/2012 14:48:20 - --- Finish members/autocompleteNew ---
02/11/2012 14:48:23 - --- Finish members/autocompleteNew ---
02/11/2012 14:48:23 - --- Finish members/autocompleteNew ---
02/11/2012 14:48:51 - --- Finish members/autocompleteNew ---
02/11/2012 14:48:55 - --- Finish members ---
02/11/2012 14:48:57 - --- Finish members/autocompleteNew ---
02/11/2012 14:48:58 - --- Finish members/autocompleteNew ---
02/11/2012 14:49:02 - --- Finish members ---
02/11/2012 14:53:29 - --- Finish members ---
02/11/2012 14:55:44 - --- Finish members ---
02/11/2012 14:56:24 - --- Finish members ---
02/11/2012 14:56:30 - --- Finish members ---
02/11/2012 15:58:03 - --- Finish members ---
02/11/2012 16:15:45 - --- Finish members ---
02/11/2012 16:20:57 - --- Finish members ---
02/11/2012 16:25:02 - --- Finish members ---
02/11/2012 16:26:11 - --- Finish members/invite ---
02/11/2012 16:26:58 - --- Finish members/invite ---
02/11/2012 16:27:01 - --- Finish members/invite ---
02/11/2012 16:30:07 - --- Finish members/invite ---
02/11/2012 16:53:51 - --- Finish members/invite ---
02/11/2012 17:13:36 - --- Finish  ---
02/11/2012 17:13:44 - --- Finish login ---
02/11/2012 17:13:46 - --- Finish members ---
02/11/2012 17:36:02 - --- Finish members ---
02/11/2012 17:36:29 - --- Finish members ---
02/11/2012 17:40:13 - --- Finish members ---
02/11/2012 17:40:41 - --- Finish members/invite ---
02/11/2012 17:41:57 - --- Finish members/invite ---
02/11/2012 17:42:00 - --- Finish members/invite ---
02/11/2012 17:42:06 - --- Finish members/invite ---
02/11/2012 17:46:36 - --- Finish members/invite ---
02/11/2012 17:46:43 - --- Finish members/invite ---
02/11/2012 18:09:22 - --- Finish members/invite ---
